<?xml version="1.0" encoding="UTF-8" ?>
<beans xmlns="http://www.springframework.org/schema/beans" xmlns:xsi="http://www.w3.org/2001/XMLSchema-instance"
	xmlns:util="http://www.springframework.org/schema/util" xmlns:tx="http://www.springframework.org/schema/tx" xmlns:aop="http://www.springframework.org/schema/aop"
	xmlns:context="http://www.springframework.org/schema/context" xmlns:jee="http://www.springframework.org/schema/jee"
	xmlns:mvc="http://www.springframework.org/schema/mvc"
	xsi:schemaLocation="http://www.springframework.org/schema/beans http://www.springframework.org/schema/beans/spring-beans.xsd
       http://www.springframework.org/schema/tx http://www.springframework.org/schema/tx/spring-tx.xsd
       http://www.springframework.org/schema/aop http://www.springframework.org/schema/aop/spring-aop.xsd
       http://www.springframework.org/schema/context http://www.springframework.org/schema/context/spring-context.xsd
       http://www.springframework.org/schema/jee http://www.springframework.org/schema/jee/spring-jee-3.0.xsd
       http://www.springframework.org/schema/mvc http://www.springframework.org/schema/mvc/spring-mvc-3.0.xsd
       ">
	<context:annotation-config />
	<context:component-scan base-package="ca.esi.hd" />
	<bean id="propertyConfigurer" class="org.springframework.beans.factory.config.PropertyPlaceholderConfigurer">
		<property name="ignoreUnresolvablePlaceholders" value="true"/>
		<property name="locations">
			<list>
				<value>classpath:test.properties</value>
				<value>classpath:jdbc.properties</value>
			</list>
		</property>
	</bean>
	<!-- If you need to use caching on interfaces remove proxy-target-class="true". This will allow you to use aop on interfaces 
		but not on classes so decide which method you want to use and stick to it. You CANNOT combine the two. -->
	<aop:config proxy-target-class="true">
	</aop:config>

	<bean id="messageSource" class="org.springframework.context.support.ReloadableResourceBundleMessageSource">
		<property name="defaultEncoding" value="ISO-8859-1" />
		<property name="basenames">
			<list>
				<value>classpath:messages</value>
			</list>
		</property>
		<property name="useCodeAsDefaultMessage" value="true" />
	</bean>
	
	<import resource="classpath:/datasource.xml" />
<!-- 	<bean id="liquibase" class="liquibase.integration.spring.SpringLiquibase">
		<property name="dataSource" ref="dataSource_webportal" />
		<property name="changeLog" value="classpath:dbdata/db-changelog.xml" />
		<property name="contexts" value="test" />
	</bean>
	<import resource="classpath:/app-context.xml" />
	<import resource="classpath:/mvc-context.xml" />
	<import resource="classpath:/sec-context.xml" />
	<import resource="classpath:/acl-context.xml" />
	<import resource="classpath:/jpa-context.xml" />
	<import resource="classpath:/tx-context.xml" />
	<import resource="classpath:/email-context.xml" />
	<import resource="classpath:/cache-context.xml" /> -->
</beans>
